c:\users\kieron\desktop\ctp_kieronh\creative tech project\tutorial01\debug\vc120.pdb
c:\users\kieron\desktop\ctp_kieronh\creative tech project\tutorial01\debug\vc120.idb
c:\users\kieron\desktop\ctp_kieronh\creative tech project\tutorial01\debug\tutorial01.obj
c:\users\kieron\desktop\ctp_kieronh\creative tech project\tutorial01\debug\shaderfactory.obj
c:\users\kieron\desktop\ctp_kieronh\creative tech project\tutorial01\debug\input.obj
c:\users\kieron\desktop\ctp_kieronh\creative tech project\tutorial01\debug\gpuparticlesystem.obj
c:\users\kieron\desktop\ctp_kieronh\creative tech project\tutorial01\debug\game.obj
c:\users\kieron\desktop\ctp_kieronh\creative tech project\tutorial01\debug\fps.obj
c:\users\kieron\desktop\ctp_kieronh\creative tech project\debug\vertexshader.cso
c:\users\kieron\desktop\ctp_kieronh\creative tech project\debug\emitparticles.cso
c:\users\kieron\desktop\ctp_kieronh\creative tech project\debug\creative tech project.ilk
c:\users\kieron\desktop\ctp_kieronh\creative tech project\debug\creative tech project.exe
c:\users\kieron\desktop\ctp_kieronh\creative tech project\debug\creative tech project.pdb
c:\users\kieron\desktop\ctp_kieronh\creative tech project\tutorial01\debug\tutorial01.res
c:\users\kieron\desktop\ctp_kieronh\creative tech project\tutorial01\debug\creative.06edc280.tlog\cl.command.1.tlog
c:\users\kieron\desktop\ctp_kieronh\creative tech project\tutorial01\debug\creative.06edc280.tlog\cl.read.1.tlog
c:\users\kieron\desktop\ctp_kieronh\creative tech project\tutorial01\debug\creative.06edc280.tlog\cl.write.1.tlog
c:\users\kieron\desktop\ctp_kieronh\creative tech project\tutorial01\debug\creative.06edc280.tlog\creative tech project.write.1u.tlog
c:\users\kieron\desktop\ctp_kieronh\creative tech project\tutorial01\debug\creative.06edc280.tlog\fxc.command.1.tlog
c:\users\kieron\desktop\ctp_kieronh\creative tech project\tutorial01\debug\creative.06edc280.tlog\fxc.read.1.tlog
c:\users\kieron\desktop\ctp_kieronh\creative tech project\tutorial01\debug\creative.06edc280.tlog\fxc.write.1.tlog
c:\users\kieron\desktop\ctp_kieronh\creative tech project\tutorial01\debug\creative.06edc280.tlog\link.command.1.tlog
c:\users\kieron\desktop\ctp_kieronh\creative tech project\tutorial01\debug\creative.06edc280.tlog\link.read.1.tlog
c:\users\kieron\desktop\ctp_kieronh\creative tech project\tutorial01\debug\creative.06edc280.tlog\link.write.1.tlog
c:\users\kieron\desktop\ctp_kieronh\creative tech project\tutorial01\debug\creative.06edc280.tlog\rc.command.1.tlog
c:\users\kieron\desktop\ctp_kieronh\creative tech project\tutorial01\debug\creative.06edc280.tlog\rc.read.1.tlog
c:\users\kieron\desktop\ctp_kieronh\creative tech project\tutorial01\debug\creative.06edc280.tlog\rc.write.1.tlog
