c:\users\kieron\documents\dropbox\current work\creative tech project\tutorial01\directxtk\bin\desktop_2012\x64\release\directxtk.pch
c:\users\kieron\documents\dropbox\current work\creative tech project\tutorial01\directxtk\bin\desktop_2012\x64\release\directxtk.pdb
c:\users\kieron\documents\dropbox\current work\creative tech project\tutorial01\directxtk\bin\desktop_2012\x64\release\pch.obj
c:\users\kieron\documents\dropbox\current work\creative tech project\tutorial01\directxtk\bin\desktop_2012\x64\release\spritefont.obj
c:\users\kieron\documents\dropbox\current work\creative tech project\tutorial01\directxtk\bin\desktop_2012\x64\release\primitivebatch.obj
c:\users\kieron\documents\dropbox\current work\creative tech project\tutorial01\directxtk\bin\desktop_2012\x64\release\spritebatch.obj
c:\users\kieron\documents\dropbox\current work\creative tech project\tutorial01\directxtk\bin\desktop_2012\x64\release\skinnedeffect.obj
c:\users\kieron\documents\dropbox\current work\creative tech project\tutorial01\directxtk\bin\desktop_2012\x64\release\screengrab.obj
c:\users\kieron\documents\dropbox\current work\creative tech project\tutorial01\directxtk\bin\desktop_2012\x64\release\modelloadsdkmesh.obj
c:\users\kieron\documents\dropbox\current work\creative tech project\tutorial01\directxtk\bin\desktop_2012\x64\release\modelloadcmo.obj
c:\users\kieron\documents\dropbox\current work\creative tech project\tutorial01\directxtk\bin\desktop_2012\x64\release\model.obj
c:\users\kieron\documents\dropbox\current work\creative tech project\tutorial01\directxtk\bin\desktop_2012\x64\release\geometricprimitive.obj
c:\users\kieron\documents\dropbox\current work\creative tech project\tutorial01\directxtk\bin\desktop_2012\x64\release\environmentmapeffect.obj
c:\users\kieron\documents\dropbox\current work\creative tech project\tutorial01\directxtk\bin\desktop_2012\x64\release\effectfactory.obj
c:\users\kieron\documents\dropbox\current work\creative tech project\tutorial01\directxtk\bin\desktop_2012\x64\release\effectcommon.obj
c:\users\kieron\documents\dropbox\current work\creative tech project\tutorial01\directxtk\bin\desktop_2012\x64\release\binaryreader.obj
c:\users\kieron\documents\dropbox\current work\creative tech project\tutorial01\directxtk\bin\desktop_2012\x64\release\dualtextureeffect.obj
c:\users\kieron\documents\dropbox\current work\creative tech project\tutorial01\directxtk\bin\desktop_2012\x64\release\dgsleffectfactory.obj
c:\users\kieron\documents\dropbox\current work\creative tech project\tutorial01\directxtk\bin\desktop_2012\x64\release\dgsleffect.obj
c:\users\kieron\documents\dropbox\current work\creative tech project\tutorial01\directxtk\bin\desktop_2012\x64\release\ddstextureloader.obj
c:\users\kieron\documents\dropbox\current work\creative tech project\tutorial01\directxtk\bin\desktop_2012\x64\release\commonstates.obj
c:\users\kieron\documents\dropbox\current work\creative tech project\tutorial01\directxtk\bin\desktop_2012\x64\release\basiceffect.obj
c:\users\kieron\documents\dropbox\current work\creative tech project\tutorial01\directxtk\bin\desktop_2012\x64\release\alphatesteffect.obj
c:\users\kieron\documents\dropbox\current work\creative tech project\tutorial01\directxtk\bin\desktop_2012\x64\release\wictextureloader.obj
c:\users\kieron\documents\dropbox\current work\creative tech project\tutorial01\directxtk\bin\desktop_2012\x64\release\vertextypes.obj
c:\users\kieron\documents\dropbox\current work\creative tech project\tutorial01\directxtk\bin\desktop_2012\x64\release\directxtk.lib
c:\users\kieron\documents\dropbox\current work\creative tech project\tutorial01\directxtk\bin\desktop_2012\x64\release\directxt.e0b52ae7.tlog\cl.command.1.tlog
c:\users\kieron\documents\dropbox\current work\creative tech project\tutorial01\directxtk\bin\desktop_2012\x64\release\directxt.e0b52ae7.tlog\cl.read.1.tlog
c:\users\kieron\documents\dropbox\current work\creative tech project\tutorial01\directxtk\bin\desktop_2012\x64\release\directxt.e0b52ae7.tlog\cl.write.1.tlog
c:\users\kieron\documents\dropbox\current work\creative tech project\tutorial01\directxtk\bin\desktop_2012\x64\release\directxt.e0b52ae7.tlog\lib-link.read.1.tlog
c:\users\kieron\documents\dropbox\current work\creative tech project\tutorial01\directxtk\bin\desktop_2012\x64\release\directxt.e0b52ae7.tlog\lib-link.write.1.tlog
c:\users\kieron\documents\dropbox\current work\creative tech project\tutorial01\directxtk\bin\desktop_2012\x64\release\directxt.e0b52ae7.tlog\lib.command.1.tlog
